<?xml version="1.0" encoding="UTF-8"?>
<!-- Generated by org.testng.reporters.JUnitReportReporter -->
<testsuite hostname="Balavigneshs-MacBook-Air.local" failures="0" tests="1" name="com.testng.driver.DriverInitialization" time="22.750" errors="0" timestamp="2021-11-28T19:41:57 IST" skipped="0">
  <testcase classname="com.testng.driver.DriverInitialization" name="driverSetup" time="22.750"/>
  <system-out/>
</testsuite> <!-- com.testng.driver.DriverInitialization -->
